2015-03-08 22:54:34.307 ProductFinder[3189:257568] Error loading /System/Library/Extensions/IOHIDFamily.kext/Contents/PlugIns/IOHIDLib.plugin/Contents/MacOS/IOHIDLib:  dlopen(/System/Library/Extensions/IOHIDFamily.kext/Contents/PlugIns/IOHIDLib.plugin/Contents/MacOS/IOHIDLib, 262): no suitable image found.  Did find:
	/System/Library/Extensions/IOHIDFamily.kext/Contents/PlugIns/IOHIDLib.plugin/Contents/MacOS/IOHIDLib: mach-o, but not built for iOS simulator
2015-03-08 22:54:34.307 ProductFinder[3189:257568] Cannot find function pointer IOHIDLibFactory for factory 13AA9C44-6F1B-11D4-907C-0005028F18D5 in CFBundle/CFPlugIn 0x7bf4b1a0 </System/Library/Extensions/IOHIDFamily.kext/Contents/PlugIns/IOHIDLib.plugin> (bundle, not loaded)
2015-03-08 22:54:34.308 ProductFinder[3189:257568] Error loading /System/Library/Extensions/IOHIDFamily.kext/Contents/PlugIns/IOHIDLib.plugin/Contents/MacOS/IOHIDLib:  dlopen(/System/Library/Extensions/IOHIDFamily.kext/Contents/PlugIns/IOHIDLib.plugin/Contents/MacOS/IOHIDLib, 262): no suitable image found.  Did find:
	/System/Library/Extensions/IOHIDFamily.kext/Contents/PlugIns/IOHIDLib.plugin/Contents/MacOS/IOHIDLib: mach-o, but not built for iOS simulator
2015-03-08 22:54:34.309 ProductFinder[3189:257568] Cannot find function pointer IOHIDLibFactory for factory 13AA9C44-6F1B-11D4-907C-0005028F18D5 in CFBundle/CFPlugIn 0x7bf4b1a0 </System/Library/Extensions/IOHIDFamily.kext/Contents/PlugIns/IOHIDLib.plugin> (bundle, not loaded)
2015-03-08 22:54:34.309 ProductFinder[3189:257568] Error loading /System/Library/Extensions/IOHIDFamily.kext/Contents/PlugIns/IOHIDLib.plugin/Contents/MacOS/IOHIDLib:  dlopen(/System/Library/Extensions/IOHIDFamily.kext/Contents/PlugIns/IOHIDLib.plugin/Contents/MacOS/IOHIDLib, 262): no suitable image found.  Did find:
	/System/Library/Extensions/IOHIDFamily.kext/Contents/PlugIns/IOHIDLib.plugin/Contents/MacOS/IOHIDLib: mach-o, but not built for iOS simulator
2015-03-08 22:54:34.309 ProductFinder[3189:257568] Cannot find function pointer IOHIDLibFactory for factory 13AA9C44-6F1B-11D4-907C-0005028F18D5 in CFBundle/CFPlugIn 0x7bf4b1a0 </System/Library/Extensions/IOHIDFamily.kext/Contents/PlugIns/IOHIDLib.plugin> (bundle, not loaded)
2015-03-08 22:54:34.310 ProductFinder[3189:257568] Error loading /System/Library/Extensions/IOHIDFamily.kext/Contents/PlugIns/IOHIDLib.plugin/Contents/MacOS/IOHIDLib:  dlopen(/System/Library/Extensions/IOHIDFamily.kext/Contents/PlugIns/IOHIDLib.plugin/Contents/MacOS/IOHIDLib, 262): no suitable image found.  Did find:
	/System/Library/Extensions/IOHIDFamily.kext/Contents/PlugIns/IOHIDLib.plugin/Contents/MacOS/IOHIDLib: mach-o, but not built for iOS simulator
2015-03-08 22:54:34.310 ProductFinder[3189:257568] Cannot find function pointer IOHIDLibFactory for factory 13AA9C44-6F1B-11D4-907C-0005028F18D5 in CFBundle/CFPlugIn 0x7bf4b1a0 </System/Library/Extensions/IOHIDFamily.kext/Contents/PlugIns/IOHIDLib.plugin> (bundle, not loaded)
2015-03-08 22:54:34.310 ProductFinder[3189:257568] Error loading /System/Library/Extensions/IOHIDFamily.kext/Contents/PlugIns/IOHIDLib.plugin/Contents/MacOS/IOHIDLib:  dlopen(/System/Library/Extensions/IOHIDFamily.kext/Contents/PlugIns/IOHIDLib.plugin/Contents/MacOS/IOHIDLib, 262): no suitable image found.  Did find:
	/System/Library/Extensions/IOHIDFamily.kext/Contents/PlugIns/IOHIDLib.plugin/Contents/MacOS/IOHIDLib: mach-o, but not built for iOS simulator
2015-03-08 22:54:34.310 ProductFinder[3189:257568] Cannot find function pointer IOHIDLibFactory for factory 13AA9C44-6F1B-11D4-907C-0005028F18D5 in CFBundle/CFPlugIn 0x7bf4b1a0 </System/Library/Extensions/IOHIDFamily.kext/Contents/PlugIns/IOHIDLib.plugin> (bundle, not loaded)
2015-03-08 22:54:34.311 ProductFinder[3189:257568] Error loading /System/Library/Extensions/IOHIDFamily.kext/Contents/PlugIns/IOHIDLib.plugin/Contents/MacOS/IOHIDLib:  dlopen(/System/Library/Extensions/IOHIDFamily.kext/Contents/PlugIns/IOHIDLib.plugin/Contents/MacOS/IOHIDLib, 262): no suitable image found.  Did find:
	/System/Library/Extensions/IOHIDFamily.kext/Contents/PlugIns/IOHIDLib.plugin/Contents/MacOS/IOHIDLib: mach-o, but not built for iOS simulator
2015-03-08 22:54:34.311 ProductFinder[3189:257568] Cannot find function pointer IOHIDLibFactory for factory 13AA9C44-6F1B-11D4-907C-0005028F18D5 in CFBundle/CFPlugIn 0x7bf4b1a0 </System/Library/Extensions/IOHIDFamily.kext/Contents/PlugIns/IOHIDLib.plugin> (bundle, not loaded)
2015-03-08 22:54:34.540 ProductFinder[3189:257568] FBSDKLog: The FacebookSDKResources.bundle is no longer required for your application.  It can be removed.  After fixing this, you will need to Clean the project and then reset your simulator.
2015-03-08 22:54:34.541 ProductFinder[3189:257568] FBSDKLog: The FacebookSDKResources.bundle is no longer required for your application.  It can be removed.  After fixing this, you will need to Clean the project and then reset your simulator.
2015-03-08 22:54:34.621 ProductFinder[3189:257568] FBSDKLog: The FacebookSDKResources.bundle is no longer required for your application.  It can be removed.  After fixing this, you will need to Clean the project and then reset your simulator.
2015-03-08 22:54:34.907 ProductFinder[3189:257568] El Id de usuario es: 3
2015-03-08 22:54:34.908 ProductFinder[3189:257568] El Id de localidad es: 1
2015-03-08 22:54:34.916 ProductFinder[3189:257568] El Id de usuario es: 3
2015-03-08 22:54:34.917 ProductFinder[3189:257568] El Id de localidad es: 1
2015-03-08 22:54:35.032 ProductFinder[3189:257568] FBSDKLog: The FacebookSDKResources.bundle is no longer required for your application.  It can be removed.  After fixing this, you will need to Clean the project and then reset your simulator.
2015-03-08 22:54:36.683 ProductFinder[3189:257568] FBSDKLog: The FacebookSDKResources.bundle is no longer required for your application.  It can be removed.  After fixing this, you will need to Clean the project and then reset your simulator.
2015-03-08 22:55:13.817 ProductFinder[3189:257568] ERROR: System.NullReferenceException: Object reference not set to an instance of an object
  at ProductFinder.ProductStoresListView+StoresTableSourceIphone.getDistanceView (Int32 index) [0x00000] in <filename unknown>:0 
  at ProductFinder.ProductStoresListView+StoresTableSourceIphone.GetCell (MonoTouch.UIKit.UITableView tableView, MonoTouch.Foundation.NSIndexPath indexPath) [0x00000] in <filename unknown>:0 
  at (wrapper managed-to-native) MonoTouch.UIKit.UIApplication:UIApplicationMain (int,string[],intptr,intptr)
  at MonoTouch.UIKit.UIApplication.Main (System.String[] args, IntPtr principal, IntPtr delegate) [0x00000] in <filename unknown>:0 
  at MonoTouch.UIKit.UIApplication.Main (System.String[] args, System.String principalClassName, System.String delegateClassName) [0x00000] in <filename unknown>:0 
  at ProductFinder.Application.Main (System.String[] args) [0x00000] in <filename unknown>:0 
